[0410/043658.580:ERROR:process_reader_win.cc(151)] SuspendThread: Access is denied. (0x5)
[0410/043658.439:ERROR:process_reader_win.cc(151)] SuspendThread: Access is denied. (0x5)
[0410/043700.049:ERROR:process_reader_win.cc(151)] SuspendThread: Access is denied. (0x5)
[0410/043700.049:ERROR:process_reader_win.cc(151)] SuspendThread: Access is denied. (0x5)
[0410/043700.049:ERROR:process_reader_win.cc(151)] SuspendThread: Access is denied. (0x5)
[0410/043700.049:ERROR:process_reader_win.cc(151)] SuspendThread: Access is denied. (0x5)
[0410/043700.049:ERROR:process_reader_win.cc(151)] SuspendThread: Access is denied. (0x5)
[0410/043700.049:ERROR:process_reader_win.cc(151)] SuspendThread: Access is denied. (0x5)
[0410/043700.049:ERROR:process_reader_win.cc(151)] SuspendThread: Access is denied. (0x5)
[0410/043700.049:ERROR:process_reader_win.cc(151)] SuspendThread: Access is denied. (0x5)
[0410/043700.049:ERROR:process_reader_win.cc(151)] SuspendThread: Access is denied. (0x5)
[0410/043700.049:ERROR:process_reader_win.cc(151)] SuspendThread: Access is denied. (0x5)
[0410/043700.049:ERROR:process_reader_win.cc(151)] SuspendThread: Access is denied. (0x5)
[0410/043700.049:ERROR:process_reader_win.cc(151)] SuspendThread: Access is denied. (0x5)
[0410/043700.049:ERROR:process_reader_win.cc(151)] SuspendThread: Access is denied. (0x5)
[0410/043700.049:ERROR:process_reader_win.cc(151)] SuspendThread: Access is denied. (0x5)
[0410/043658.439:ERROR:process_reader_win.cc(123)] NtOpenThread: {Access Denied} A process has requested access to an object, but has not been granted those access rights. (0xc0000022)
[0410/043700.049:ERROR:process_reader_win.cc(123)] NtOpenThread: {Access Denied} A process has requested access to an object, but has not been granted those access rights. (0xc0000022)
[0410/043658.439:ERROR:process_reader_win.cc(123)] NtOpenThread: {Access Denied} A process has requested access to an object, but has not been granted those access rights. (0xc0000022)
[0410/043700.143:ERROR:exception_snapshot_win.cc(88)] thread ID 12916 not found in process
[0410/043700.143:ERROR:exception_snapshot_win.cc(88)] thread ID 10372 not found in process
[0410/043700.143:ERROR:exception_snapshot_win.cc(88)] thread ID 9132 not found in process
[0410/043700.049:ERROR:process_reader_win.cc(123)] NtOpenThread: {Access Denied} A process has requested access to an object, but has not been granted those access rights. (0xc0000022)
[0410/043700.143:ERROR:exception_snapshot_win.cc(88)] thread ID 13668 not found in process
[0410/043700.143:WARNING:crash_report_exception_handler.cc(62)] ProcessSnapshotWin::Initialize failed
[0410/043700.143:WARNING:crash_report_exception_handler.cc(62)] ProcessSnapshotWin::Initialize failed
[0410/043700.143:WARNING:crash_report_exception_handler.cc(62)] ProcessSnapshotWin::Initialize failed
[0410/043700.143:WARNING:crash_report_exception_handler.cc(62)] ProcessSnapshotWin::Initialize failed
[0410/043700.143:ERROR:scoped_process_suspend.cc(40)] NtResumeProcess: An attempt was made to access an exiting process. (0xc000010a)
